[2019-02-23 21:19:14.786] [sharedprocess] [info] main {"machineId":"4fd368a50cab7edf1f493950ad5427e90b9ac12fca180ac55f52481aaf7b6541"}
[2019-02-23 21:19:14.923] [sharedprocess] [info] Scanned user extensions: 11
[2019-02-23 21:19:14.941] [sharedprocess] [info] Scanned user extensions: 11
[2019-02-23 21:19:14.951] [sharedprocess] [info] Scanned user extensions: 11
[2019-02-23 21:19:14.951] [sharedprocess] [info] Scanned system extensions: 71
[2019-02-23 21:19:14.952] [sharedprocess] [info] Scanned system extensions: 71
[2019-02-23 21:19:14.955] [sharedprocess] [info] Scanned system extensions: 71
[2019-02-23 21:19:15.234] [sharedprocess] [info] Scanned user extensions: 11
[2019-02-23 21:19:16.385] [sharedprocess] [info] Installing extension: jeff-hykin.better-cpp-syntax
[2019-02-23 21:19:16.406] [sharedprocess] [info] Scanned user extensions: 11
[2019-02-23 21:19:16.863] [sharedprocess] [info] Downloaded extension: jeff-hykin.better-cpp-syntax /tmp/e8cf1339-4022-4a55-a4a5-7467086f64ce
[2019-02-23 21:19:16.930] [sharedprocess] [info] Extracted extension to /home/rtmoran/.vscode/extensions/.jeff-hykin.better-cpp-syntax-1.4.4: jeff-hykin.better-cpp-syntax
[2019-02-23 21:19:16.930] [sharedprocess] [info] Renamed to /home/rtmoran/.vscode/extensions/jeff-hykin.better-cpp-syntax-1.4.4
[2019-02-23 21:19:16.931] [sharedprocess] [info] Installation completed. jeff-hykin.better-cpp-syntax
[2019-02-23 21:19:16.935] [sharedprocess] [info] Extensions installed successfully: jeff-hykin.better-cpp-syntax
[2019-02-23 21:19:54.792] [sharedprocess] [info] Starting to clean up unused language packs.
[2019-02-23 21:24:15.278] [sharedprocess] [info] Scanned user extensions: 11
[2019-02-23 21:29:15.298] [sharedprocess] [info] Scanned user extensions: 11
[2019-02-23 21:31:03.719] [sharedprocess] [info] Scanned user extensions: 11
[2019-02-23 21:31:03.734] [sharedprocess] [info] Scanned system extensions: 71
[2019-02-23 21:34:15.334] [sharedprocess] [info] Scanned user extensions: 11
[2019-02-23 21:39:15.373] [sharedprocess] [info] Scanned user extensions: 11
[2019-02-23 21:44:15.413] [sharedprocess] [info] Scanned user extensions: 11
[2019-02-23 21:49:15.453] [sharedprocess] [info] Scanned user extensions: 11
[2019-02-23 21:54:15.480] [sharedprocess] [info] Scanned user extensions: 11
[2019-02-23 21:59:15.514] [sharedprocess] [info] Scanned user extensions: 11
[2019-02-23 22:04:15.541] [sharedprocess] [info] Scanned user extensions: 11
[2019-02-23 22:09:15.574] [sharedprocess] [info] Scanned user extensions: 11
