[2019-02-19 17:45:02.278] [sharedprocess] [info] main {"machineId":"4fd368a50cab7edf1f493950ad5427e90b9ac12fca180ac55f52481aaf7b6541"}
[2019-02-19 17:45:02.343] [sharedprocess] [info] Scanned user extensions: 10
[2019-02-19 17:45:02.355] [sharedprocess] [info] Scanned user extensions: 10
[2019-02-19 17:45:02.362] [sharedprocess] [info] Scanned system extensions: 71
[2019-02-19 17:45:02.363] [sharedprocess] [info] Scanned system extensions: 71
[2019-02-19 17:45:06.901] [sharedprocess] [info] Scanned user extensions: 10
[2019-02-19 17:45:06.970] [sharedprocess] [info] Scanned user extensions: 10
[2019-02-19 17:45:06.991] [sharedprocess] [info] Scanned system extensions: 71
[2019-02-19 17:45:42.283] [sharedprocess] [info] Starting to clean up unused language packs.
[2019-02-19 17:50:06.993] [sharedprocess] [info] Scanned user extensions: 10
[2019-02-19 17:55:07.028] [sharedprocess] [info] Scanned user extensions: 10
[2019-02-19 18:00:07.062] [sharedprocess] [info] Scanned user extensions: 10
[2019-02-19 18:05:07.100] [sharedprocess] [info] Scanned user extensions: 10
[2019-02-19 18:10:07.123] [sharedprocess] [info] Scanned user extensions: 10
[2019-02-19 18:15:07.139] [sharedprocess] [info] Scanned user extensions: 10
[2019-02-19 18:20:07.173] [sharedprocess] [info] Scanned user extensions: 10
[2019-02-19 18:57:13.057] [sharedprocess] [info] Scanned user extensions: 10
[2019-02-19 18:57:13.068] [sharedprocess] [info] Scanned user extensions: 10
[2019-02-19 18:57:13.093] [sharedprocess] [info] Scanned system extensions: 71
[2019-02-19 18:57:13.096] [sharedprocess] [info] Scanned system extensions: 71
[2019-02-19 18:57:15.401] [sharedprocess] [info] Scanned user extensions: 10
[2019-02-19 18:57:42.764] [sharedprocess] [info] Scanned user extensions: 10
[2019-02-19 18:57:42.778] [sharedprocess] [info] Scanned system extensions: 71
[2019-02-19 19:02:15.430] [sharedprocess] [info] Scanned user extensions: 10
[2019-02-19 19:07:15.454] [sharedprocess] [info] Scanned user extensions: 10
[2019-02-19 19:12:15.487] [sharedprocess] [info] Scanned user extensions: 10
[2019-02-19 19:17:15.524] [sharedprocess] [info] Scanned user extensions: 10
[2019-02-19 19:22:15.562] [sharedprocess] [info] Scanned user extensions: 10
[2019-02-19 19:27:15.600] [sharedprocess] [info] Scanned user extensions: 10
[2019-02-19 19:32:15.639] [sharedprocess] [info] Scanned user extensions: 10
[2019-02-19 19:37:15.674] [sharedprocess] [info] Scanned user extensions: 10
[2019-02-19 19:42:15.702] [sharedprocess] [info] Scanned user extensions: 10
[2019-02-19 19:47:15.734] [sharedprocess] [info] Scanned user extensions: 10
[2019-02-19 19:52:15.774] [sharedprocess] [info] Scanned user extensions: 10
[2019-02-19 19:57:15.939] [sharedprocess] [info] Scanned user extensions: 10
[2019-02-19 20:02:15.989] [sharedprocess] [info] Scanned user extensions: 10
[2019-02-19 20:07:16.028] [sharedprocess] [info] Scanned user extensions: 10
[2019-02-19 20:12:16.066] [sharedprocess] [info] Scanned user extensions: 10
[2019-02-19 20:17:16.098] [sharedprocess] [info] Scanned user extensions: 10
[2019-02-19 20:22:16.134] [sharedprocess] [info] Scanned user extensions: 10
[2019-02-19 20:27:16.171] [sharedprocess] [info] Scanned user extensions: 10
[2019-02-19 20:32:16.205] [sharedprocess] [info] Scanned user extensions: 10
[2019-02-19 20:37:16.239] [sharedprocess] [info] Scanned user extensions: 10
[2019-02-19 20:39:37.616] [sharedprocess] [info] Scanned user extensions: 10
[2019-02-19 20:39:37.628] [sharedprocess] [info] Scanned system extensions: 71
[2019-02-19 20:39:37.678] [sharedprocess] [info] Scanned user extensions: 10
[2019-02-19 20:39:37.691] [sharedprocess] [info] Scanned system extensions: 71
[2019-02-19 20:39:40.150] [sharedprocess] [info] Scanned user extensions: 10
[2019-02-19 20:44:40.191] [sharedprocess] [info] Scanned user extensions: 10
[2019-02-19 20:48:08.374] [sharedprocess] [info] Scanned user extensions: 10
[2019-02-19 20:48:08.389] [sharedprocess] [info] Scanned user extensions: 10
[2019-02-19 20:48:08.403] [sharedprocess] [info] Scanned user extensions: 10
[2019-02-19 20:48:08.412] [sharedprocess] [info] Scanned system extensions: 71
[2019-02-19 20:48:08.414] [sharedprocess] [info] Scanned system extensions: 71
[2019-02-19 20:48:08.418] [sharedprocess] [info] Scanned system extensions: 71
[2019-02-19 20:48:08.419] [sharedprocess] [info] Scanned user extensions: 10
[2019-02-19 20:49:40.211] [sharedprocess] [info] Scanned user extensions: 10
[2019-02-19 20:54:40.241] [sharedprocess] [info] Scanned user extensions: 10
[2019-02-19 20:59:40.397] [sharedprocess] [info] Scanned user extensions: 10
[2019-02-19 21:04:40.435] [sharedprocess] [info] Scanned user extensions: 10
[2019-02-19 21:08:37.716] [sharedprocess] [info] Installing extension: jeff-hykin.better-cpp-syntax
[2019-02-19 21:08:37.730] [sharedprocess] [info] Scanned user extensions: 10
[2019-02-19 21:08:38.075] [sharedprocess] [info] Downloaded extension: jeff-hykin.better-cpp-syntax /tmp/13298972-9286-438b-b23e-211ca7869a3c
[2019-02-19 21:08:38.119] [sharedprocess] [info] Extracted extension to /home/rtmoran/.vscode/extensions/.jeff-hykin.better-cpp-syntax-1.3.3: jeff-hykin.better-cpp-syntax
[2019-02-19 21:08:38.119] [sharedprocess] [info] Renamed to /home/rtmoran/.vscode/extensions/jeff-hykin.better-cpp-syntax-1.3.3
[2019-02-19 21:08:38.120] [sharedprocess] [info] Installation completed. jeff-hykin.better-cpp-syntax
[2019-02-19 21:08:38.124] [sharedprocess] [info] Extensions installed successfully: jeff-hykin.better-cpp-syntax
[2019-02-19 21:08:47.690] [sharedprocess] [info] Scanned user extensions: 11
[2019-02-19 21:08:47.714] [sharedprocess] [info] Scanned user extensions: 11
[2019-02-19 21:08:47.735] [sharedprocess] [info] Scanned user extensions: 11
[2019-02-19 21:08:47.746] [sharedprocess] [info] Scanned user extensions: 11
[2019-02-19 21:08:47.748] [sharedprocess] [info] Scanned system extensions: 71
[2019-02-19 21:08:47.750] [sharedprocess] [info] Scanned system extensions: 71
[2019-02-19 21:08:47.753] [sharedprocess] [info] Scanned system extensions: 71
[2019-02-19 21:08:47.755] [sharedprocess] [info] Scanned system extensions: 71
[2019-02-19 21:08:47.760] [sharedprocess] [info] Scanned user extensions: 11
[2019-02-19 21:08:47.791] [sharedprocess] [info] Scanned user extensions: 11
[2019-02-19 21:08:47.799] [sharedprocess] [info] Scanned system extensions: 71
[2019-02-19 21:08:50.317] [sharedprocess] [info] Scanned user extensions: 11
[2019-02-19 21:13:50.350] [sharedprocess] [info] Scanned user extensions: 11
[2019-02-19 21:18:50.389] [sharedprocess] [info] Scanned user extensions: 11
[2019-02-19 21:23:50.426] [sharedprocess] [info] Scanned user extensions: 11
