[2019-03-03 15:54:02.500] [exthost] [info] extension host started
[2019-03-03 15:54:02.513] [exthost] [info] ExtensionService#_doActivateExtension vscode.debug-auto-launch {"startup":true,"activationEvent":"*"}
[2019-03-03 15:54:02.513] [exthost] [info] ExtensionService#loadCommonJSModule /opt/visual-studio-code/resources/app/extensions/debug-auto-launch/dist/extension
[2019-03-03 15:54:02.514] [exthost] [info] ExtensionService#_doActivateExtension vscode.emmet {"startup":true,"activationEvent":"*"}
[2019-03-03 15:54:02.514] [exthost] [info] ExtensionService#loadCommonJSModule /opt/visual-studio-code/resources/app/extensions/emmet/dist/extension
[2019-03-03 15:54:02.517] [exthost] [info] ExtensionService#_doActivateExtension vscode.git {"startup":true,"activationEvent":"*"}
[2019-03-03 15:54:02.517] [exthost] [info] ExtensionService#loadCommonJSModule /opt/visual-studio-code/resources/app/extensions/git/dist/main
[2019-03-03 15:54:02.536] [exthost] [info] ExtensionService#_doActivateExtension vscode.merge-conflict {"startup":true,"activationEvent":"*"}
[2019-03-03 15:54:02.536] [exthost] [info] ExtensionService#loadCommonJSModule /opt/visual-studio-code/resources/app/extensions/merge-conflict/dist/extension
[2019-03-03 15:54:02.537] [exthost] [info] ExtensionService#_doActivateExtension vscodevim.vim {"startup":true,"activationEvent":"*"}
[2019-03-03 15:54:02.537] [exthost] [info] ExtensionService#loadCommonJSModule /home/rtmoran/.vscode/extensions/vscodevim.vim-1.1.0/out/extension
[2019-03-03 15:54:02.677] [exthost] [info] ExtensionService#_doActivateExtension austin.code-gnu-global {"startup":false,"activationEvent":"onLanguage:cpp"}
[2019-03-03 15:54:02.677] [exthost] [info] ExtensionService#loadCommonJSModule /home/rtmoran/.vscode/extensions/austin.code-gnu-global-0.2.2/out/src/extension
[2019-03-03 15:54:02.683] [exthost] [info] ExtensionService#_doActivateExtension ms-vscode.cpptools {"startup":false,"activationEvent":"onLanguage:cpp"}
[2019-03-03 15:54:02.683] [exthost] [info] ExtensionService#loadCommonJSModule /home/rtmoran/.vscode/extensions/ms-vscode.cpptools-0.21.0/out/src/main
[2019-03-03 15:54:02.756] [exthost] [info] eager extensions activated
[2019-03-03 15:54:32.333] [exthost] [info] ExtensionService#_doActivateExtension danielpinto8zz6.c-cpp-compile-run {"startup":false,"activationEvent":"onCommand:extension.CompileRun"}
[2019-03-03 15:54:32.333] [exthost] [info] ExtensionService#loadCommonJSModule /home/rtmoran/.vscode/extensions/danielpinto8zz6.c-cpp-compile-run-0.4.3/out/extension
[2019-03-03 17:09:36.139] [exthost] [info] ExtensionService#_doActivateExtension vscode.configuration-editing {"startup":false,"activationEvent":"onLanguage:jsonc"}
[2019-03-03 17:09:36.139] [exthost] [info] ExtensionService#loadCommonJSModule /opt/visual-studio-code/resources/app/extensions/configuration-editing/dist/extension
[2019-03-03 17:09:36.146] [exthost] [info] ExtensionService#_doActivateExtension vscode.json-language-features {"startup":false,"activationEvent":"onLanguage:jsonc"}
[2019-03-03 17:09:36.146] [exthost] [info] ExtensionService#loadCommonJSModule /opt/visual-studio-code/resources/app/extensions/json-language-features/client/dist/jsonMain
[2019-03-03 17:09:36.158] [exthost] [info] ExtensionService#_doActivateExtension vscode.typescript-language-features {"startup":false,"activationEvent":"onLanguage:jsonc"}
[2019-03-03 17:09:36.158] [exthost] [info] ExtensionService#loadCommonJSModule /opt/visual-studio-code/resources/app/extensions/typescript-language-features/dist/extension
