[2019-03-01 16:26:54.016] [sharedprocess] [info] main {"machineId":"4fd368a50cab7edf1f493950ad5427e90b9ac12fca180ac55f52481aaf7b6541"}
[2019-03-01 16:26:54.136] [sharedprocess] [info] Scanned user extensions: 11
[2019-03-01 16:26:54.162] [sharedprocess] [info] Scanned user extensions: 11
[2019-03-01 16:26:54.174] [sharedprocess] [info] Scanned user extensions: 11
[2019-03-01 16:26:54.195] [sharedprocess] [info] Scanned system extensions: 71
[2019-03-01 16:26:54.217] [sharedprocess] [info] Scanned system extensions: 71
[2019-03-01 16:26:54.220] [sharedprocess] [info] Scanned system extensions: 71
[2019-03-01 16:26:54.225] [sharedprocess] [info] Deleted from disk vscodevim.vim /home/rtmoran/.vscode/extensions/vscodevim.vim-1.0.8
[2019-03-01 16:26:54.251] [sharedprocess] [info] Scanned user extensions: 11
[2019-03-01 16:26:55.482] [sharedprocess] [info] Installing extension: jeff-hykin.better-cpp-syntax
[2019-03-01 16:26:55.506] [sharedprocess] [info] Scanned user extensions: 11
[2019-03-01 16:26:55.783] [sharedprocess] [info] Downloaded extension: jeff-hykin.better-cpp-syntax /tmp/fdca0431-c4c1-4e10-8beb-c8d12a2fef7e
[2019-03-01 16:26:55.848] [sharedprocess] [info] Extracted extension to /home/rtmoran/.vscode/extensions/.jeff-hykin.better-cpp-syntax-1.4.6: jeff-hykin.better-cpp-syntax
[2019-03-01 16:26:55.848] [sharedprocess] [info] Renamed to /home/rtmoran/.vscode/extensions/jeff-hykin.better-cpp-syntax-1.4.6
[2019-03-01 16:26:55.849] [sharedprocess] [info] Installation completed. jeff-hykin.better-cpp-syntax
[2019-03-01 16:26:55.854] [sharedprocess] [info] Extensions installed successfully: jeff-hykin.better-cpp-syntax
[2019-03-01 16:27:16.613] [sharedprocess] [info] Scanned user extensions: 11
[2019-03-01 16:27:16.627] [sharedprocess] [info] Scanned system extensions: 71
[2019-03-01 16:27:34.020] [sharedprocess] [info] Starting to clean up unused language packs.
[2019-03-01 16:31:54.277] [sharedprocess] [info] Scanned user extensions: 11
[2019-03-01 16:36:54.310] [sharedprocess] [info] Scanned user extensions: 11
[2019-03-01 16:41:54.351] [sharedprocess] [info] Scanned user extensions: 11
[2019-03-01 16:46:54.389] [sharedprocess] [info] Scanned user extensions: 11
[2019-03-01 16:51:54.420] [sharedprocess] [info] Scanned user extensions: 11
[2019-03-01 16:56:54.485] [sharedprocess] [info] Scanned user extensions: 11
[2019-03-01 17:01:54.520] [sharedprocess] [info] Scanned user extensions: 11
[2019-03-01 17:06:54.560] [sharedprocess] [info] Scanned user extensions: 11
[2019-03-01 17:11:54.596] [sharedprocess] [info] Scanned user extensions: 11
[2019-03-01 17:16:54.629] [sharedprocess] [info] Scanned user extensions: 11
[2019-03-01 17:21:54.667] [sharedprocess] [info] Scanned user extensions: 11
[2019-03-01 17:26:54.812] [sharedprocess] [info] Scanned user extensions: 11
[2019-03-01 17:31:54.849] [sharedprocess] [info] Scanned user extensions: 11
[2019-03-01 17:36:54.872] [sharedprocess] [info] Scanned user extensions: 11
[2019-03-01 17:41:54.905] [sharedprocess] [info] Scanned user extensions: 11
[2019-03-01 17:46:54.950] [sharedprocess] [info] Scanned user extensions: 11
[2019-03-01 17:51:54.983] [sharedprocess] [info] Scanned user extensions: 11
[2019-03-01 17:56:55.028] [sharedprocess] [info] Scanned user extensions: 11
[2019-03-01 19:52:46.153] [sharedprocess] [info] Scanned user extensions: 11
[2019-03-01 19:57:46.182] [sharedprocess] [info] Scanned user extensions: 11
[2019-03-01 20:02:46.218] [sharedprocess] [info] Scanned user extensions: 11
[2019-03-01 20:07:46.234] [sharedprocess] [info] Scanned user extensions: 11
[2019-03-01 20:12:46.269] [sharedprocess] [info] Scanned user extensions: 11
[2019-03-01 20:17:46.307] [sharedprocess] [info] Scanned user extensions: 11
[2019-03-01 20:22:46.343] [sharedprocess] [info] Scanned user extensions: 11
[2019-03-01 20:27:46.379] [sharedprocess] [info] Scanned user extensions: 11
[2019-03-01 20:32:46.404] [sharedprocess] [info] Scanned user extensions: 11
[2019-03-01 20:37:46.434] [sharedprocess] [info] Scanned user extensions: 11
[2019-03-01 20:42:46.468] [sharedprocess] [info] Scanned user extensions: 11
[2019-03-01 20:47:46.494] [sharedprocess] [info] Scanned user extensions: 11
[2019-03-01 20:52:47.167] [sharedprocess] [info] Scanned user extensions: 11
[2019-03-01 20:57:47.209] [sharedprocess] [info] Scanned user extensions: 11
[2019-03-01 21:02:47.246] [sharedprocess] [info] Scanned user extensions: 11
[2019-03-01 21:07:47.274] [sharedprocess] [info] Scanned user extensions: 11
[2019-03-01 21:12:47.313] [sharedprocess] [info] Scanned user extensions: 11
[2019-03-01 21:17:47.346] [sharedprocess] [info] Scanned user extensions: 11
[2019-03-01 21:22:47.386] [sharedprocess] [info] Scanned user extensions: 11
[2019-03-01 21:27:47.422] [sharedprocess] [info] Scanned user extensions: 11
[2019-03-01 21:32:47.452] [sharedprocess] [info] Scanned user extensions: 11
[2019-03-01 21:37:47.473] [sharedprocess] [info] Scanned user extensions: 11
[2019-03-01 21:42:47.491] [sharedprocess] [info] Scanned user extensions: 11
[2019-03-01 21:47:47.528] [sharedprocess] [info] Scanned user extensions: 11
[2019-03-01 21:52:48.125] [sharedprocess] [info] Scanned user extensions: 11
[2019-03-01 21:57:48.154] [sharedprocess] [info] Scanned user extensions: 11
[2019-03-01 22:02:48.190] [sharedprocess] [info] Scanned user extensions: 11
[2019-03-01 22:07:48.226] [sharedprocess] [info] Scanned user extensions: 11
[2019-03-01 22:12:48.255] [sharedprocess] [info] Scanned user extensions: 11
[2019-03-01 22:17:48.290] [sharedprocess] [info] Scanned user extensions: 11
[2019-03-01 22:22:48.323] [sharedprocess] [info] Scanned user extensions: 11
[2019-03-01 22:27:48.351] [sharedprocess] [info] Scanned user extensions: 11
[2019-03-01 22:32:48.381] [sharedprocess] [info] Scanned user extensions: 11
[2019-03-01 22:37:48.410] [sharedprocess] [info] Scanned user extensions: 11
[2019-03-02 19:16:05.064] [sharedprocess] [info] Scanned user extensions: 11
[2019-03-02 19:21:05.103] [sharedprocess] [info] Scanned user extensions: 11
[2019-03-02 19:26:05.134] [sharedprocess] [info] Scanned user extensions: 11
[2019-03-02 19:31:05.169] [sharedprocess] [info] Scanned user extensions: 11
[2019-03-02 19:36:05.204] [sharedprocess] [info] Scanned user extensions: 11
[2019-03-02 19:41:05.231] [sharedprocess] [info] Scanned user extensions: 11
[2019-03-02 19:46:05.270] [sharedprocess] [info] Scanned user extensions: 11
[2019-03-02 19:51:05.307] [sharedprocess] [info] Scanned user extensions: 11
[2019-03-02 19:56:05.345] [sharedprocess] [info] Scanned user extensions: 11
[2019-03-02 20:01:05.383] [sharedprocess] [info] Scanned user extensions: 11
[2019-03-02 20:06:05.423] [sharedprocess] [info] Scanned user extensions: 11
[2019-03-02 20:11:05.459] [sharedprocess] [info] Scanned user extensions: 11
[2019-03-02 20:16:05.673] [sharedprocess] [info] Scanned user extensions: 11
[2019-03-02 20:21:05.711] [sharedprocess] [info] Scanned user extensions: 11
