[2019-03-02 20:24:08.285] [sharedprocess] [info] main {"machineId":"4fd368a50cab7edf1f493950ad5427e90b9ac12fca180ac55f52481aaf7b6541"}
[2019-03-02 20:24:08.378] [sharedprocess] [info] Scanned user extensions: 11
[2019-03-02 20:24:08.397] [sharedprocess] [info] Scanned user extensions: 11
[2019-03-02 20:24:08.409] [sharedprocess] [info] Scanned user extensions: 11
[2019-03-02 20:24:08.412] [sharedprocess] [info] Scanned system extensions: 71
[2019-03-02 20:24:08.413] [sharedprocess] [info] Deleted from disk jeff-hykin.better-cpp-syntax /home/rtmoran/.vscode/extensions/jeff-hykin.better-cpp-syntax-1.4.4
[2019-03-02 20:24:08.413] [sharedprocess] [info] Scanned system extensions: 71
[2019-03-02 20:24:08.418] [sharedprocess] [info] Scanned system extensions: 71
[2019-03-02 20:24:08.511] [sharedprocess] [info] Scanned user extensions: 11
[2019-03-02 20:24:32.023] [sharedprocess] [info] Scanned user extensions: 11
[2019-03-02 20:24:32.038] [sharedprocess] [info] Scanned system extensions: 71
[2019-03-02 20:24:48.292] [sharedprocess] [info] Starting to clean up unused language packs.
[2019-03-02 20:29:08.531] [sharedprocess] [info] Scanned user extensions: 11
[2019-03-02 20:34:08.568] [sharedprocess] [info] Scanned user extensions: 11
[2019-03-02 20:39:08.612] [sharedprocess] [info] Scanned user extensions: 11
[2019-03-02 20:44:08.642] [sharedprocess] [info] Scanned user extensions: 11
[2019-03-02 20:49:08.673] [sharedprocess] [info] Scanned user extensions: 11
[2019-03-02 20:54:08.708] [sharedprocess] [info] Scanned user extensions: 11
[2019-03-02 20:59:08.739] [sharedprocess] [info] Scanned user extensions: 11
[2019-03-02 21:04:08.765] [sharedprocess] [info] Scanned user extensions: 11
[2019-03-02 21:09:08.800] [sharedprocess] [info] Scanned user extensions: 11
[2019-03-03 14:08:43.494] [sharedprocess] [info] Scanned user extensions: 11
[2019-03-03 14:13:43.529] [sharedprocess] [info] Scanned user extensions: 11
[2019-03-03 14:18:43.561] [sharedprocess] [info] Scanned user extensions: 11
[2019-03-03 14:23:43.595] [sharedprocess] [info] Scanned user extensions: 11
[2019-03-03 14:28:43.632] [sharedprocess] [info] Scanned user extensions: 11
[2019-03-03 14:33:43.663] [sharedprocess] [info] Scanned user extensions: 11
[2019-03-03 14:38:43.688] [sharedprocess] [info] Scanned user extensions: 11
[2019-03-03 14:43:43.726] [sharedprocess] [info] Scanned user extensions: 11
[2019-03-03 14:48:43.762] [sharedprocess] [info] Scanned user extensions: 11
[2019-03-03 14:53:43.796] [sharedprocess] [info] Scanned user extensions: 11
[2019-03-03 14:58:43.828] [sharedprocess] [info] Scanned user extensions: 11
[2019-03-03 15:03:43.862] [sharedprocess] [info] Scanned user extensions: 11
[2019-03-03 15:08:44.042] [sharedprocess] [info] Scanned user extensions: 11
[2019-03-03 15:13:44.069] [sharedprocess] [info] Scanned user extensions: 11
[2019-03-03 15:18:44.100] [sharedprocess] [info] Scanned user extensions: 11
[2019-03-03 15:23:44.134] [sharedprocess] [info] Scanned user extensions: 11
[2019-03-03 15:28:44.173] [sharedprocess] [info] Scanned user extensions: 11
[2019-03-03 15:33:44.208] [sharedprocess] [info] Scanned user extensions: 11
[2019-03-03 15:38:44.241] [sharedprocess] [info] Scanned user extensions: 11
[2019-03-03 15:43:44.276] [sharedprocess] [info] Scanned user extensions: 11
[2019-03-03 15:48:44.310] [sharedprocess] [info] Scanned user extensions: 11
[2019-03-03 15:53:44.344] [sharedprocess] [info] Scanned user extensions: 11
