[2019-02-18 15:58:36.147] [sharedprocess] [info] main {"machineId":"4fd368a50cab7edf1f493950ad5427e90b9ac12fca180ac55f52481aaf7b6541"}
[2019-02-18 15:58:36.240] [sharedprocess] [info] Scanned user extensions: 10
[2019-02-18 15:58:36.256] [sharedprocess] [info] Scanned user extensions: 10
[2019-02-18 15:58:36.264] [sharedprocess] [info] Scanned system extensions: 71
[2019-02-18 15:58:36.265] [sharedprocess] [info] Scanned user extensions: 10
[2019-02-18 15:58:36.266] [sharedprocess] [info] Scanned system extensions: 71
[2019-02-18 15:58:36.269] [sharedprocess] [info] Scanned system extensions: 71
[2019-02-18 15:58:36.276] [sharedprocess] [info] Scanned user extensions: 10
[2019-02-18 15:59:16.153] [sharedprocess] [info] Starting to clean up unused language packs.
[2019-02-18 16:00:27.268] [sharedprocess] [info] Scanned user extensions: 10
[2019-02-18 16:00:27.286] [sharedprocess] [info] Scanned system extensions: 71
[2019-02-18 16:00:27.339] [sharedprocess] [info] Scanned user extensions: 10
[2019-02-18 16:00:27.354] [sharedprocess] [info] Scanned system extensions: 71
[2019-02-18 16:00:29.852] [sharedprocess] [info] Scanned user extensions: 10
[2019-02-18 16:03:41.595] [sharedprocess] [info] Scanned user extensions: 10
[2019-02-18 16:03:41.604] [sharedprocess] [info] Scanned system extensions: 71
[2019-02-18 16:03:41.654] [sharedprocess] [info] Scanned user extensions: 10
[2019-02-18 16:03:41.669] [sharedprocess] [info] Scanned system extensions: 71
[2019-02-18 16:03:44.131] [sharedprocess] [info] Scanned user extensions: 10
[2019-02-18 16:04:29.667] [sharedprocess] [info] Scanned user extensions: 10
[2019-02-18 16:04:29.677] [sharedprocess] [info] Scanned system extensions: 71
[2019-02-18 16:04:29.752] [sharedprocess] [info] Scanned user extensions: 10
[2019-02-18 16:04:29.762] [sharedprocess] [info] Scanned system extensions: 71
[2019-02-18 16:04:32.209] [sharedprocess] [info] Scanned user extensions: 10
[2019-02-18 16:05:03.505] [sharedprocess] [info] Scanned user extensions: 10
[2019-02-18 16:05:03.512] [sharedprocess] [info] Scanned system extensions: 71
[2019-02-18 16:05:03.563] [sharedprocess] [info] Scanned user extensions: 10
[2019-02-18 16:05:03.573] [sharedprocess] [info] Scanned system extensions: 71
[2019-02-18 16:05:06.042] [sharedprocess] [info] Scanned user extensions: 10
[2019-02-18 16:06:29.996] [sharedprocess] [info] Scanned user extensions: 10
[2019-02-18 16:06:30.006] [sharedprocess] [info] Scanned system extensions: 71
[2019-02-18 16:06:30.086] [sharedprocess] [info] Scanned user extensions: 10
[2019-02-18 16:06:30.096] [sharedprocess] [info] Scanned system extensions: 71
[2019-02-18 16:06:32.529] [sharedprocess] [info] Scanned user extensions: 10
[2019-02-18 16:06:58.486] [sharedprocess] [info] Scanned user extensions: 10
[2019-02-18 16:06:58.495] [sharedprocess] [info] Scanned system extensions: 71
[2019-02-18 16:06:58.548] [sharedprocess] [info] Scanned user extensions: 10
[2019-02-18 16:06:58.558] [sharedprocess] [info] Scanned system extensions: 71
[2019-02-18 16:07:01.046] [sharedprocess] [info] Scanned user extensions: 10
[2019-02-18 16:12:01.076] [sharedprocess] [info] Scanned user extensions: 10
[2019-02-18 19:34:17.747] [sharedprocess] [info] Scanned user extensions: 10
[2019-02-18 19:39:17.782] [sharedprocess] [info] Scanned user extensions: 10
[2019-02-18 19:42:14.522] [sharedprocess] [info] Scanned user extensions: 10
[2019-02-18 19:42:14.531] [sharedprocess] [info] Scanned system extensions: 71
[2019-02-18 19:42:14.548] [sharedprocess] [info] Scanned user extensions: 10
[2019-02-18 19:42:14.562] [sharedprocess] [info] Scanned system extensions: 71
[2019-02-18 19:42:17.062] [sharedprocess] [info] Scanned user extensions: 10
[2019-02-18 19:47:17.090] [sharedprocess] [info] Scanned user extensions: 10
[2019-02-18 19:49:53.550] [sharedprocess] [info] Scanned user extensions: 10
[2019-02-18 19:49:53.559] [sharedprocess] [info] Scanned system extensions: 71
[2019-02-18 19:49:53.581] [sharedprocess] [info] Scanned user extensions: 10
[2019-02-18 19:49:53.595] [sharedprocess] [info] Scanned system extensions: 71
[2019-02-18 19:49:56.086] [sharedprocess] [info] Scanned user extensions: 10
[2019-02-18 19:50:14.412] [sharedprocess] [info] Scanned user extensions: 10
[2019-02-18 19:50:14.422] [sharedprocess] [info] Scanned system extensions: 71
[2019-02-18 19:50:14.443] [sharedprocess] [info] Scanned user extensions: 10
[2019-02-18 19:50:14.455] [sharedprocess] [info] Scanned system extensions: 71
[2019-02-18 19:50:16.941] [sharedprocess] [info] Scanned user extensions: 10
[2019-02-18 19:50:31.129] [sharedprocess] [info] Scanned user extensions: 10
[2019-02-18 19:50:31.141] [sharedprocess] [info] Scanned system extensions: 71
[2019-02-18 19:50:31.156] [sharedprocess] [info] Scanned user extensions: 10
[2019-02-18 19:50:31.172] [sharedprocess] [info] Scanned system extensions: 71
[2019-02-18 19:50:33.708] [sharedprocess] [info] Scanned user extensions: 10
[2019-02-18 19:50:55.299] [sharedprocess] [info] Scanned user extensions: 10
[2019-02-18 19:50:55.307] [sharedprocess] [info] Scanned system extensions: 71
[2019-02-18 19:50:55.327] [sharedprocess] [info] Scanned user extensions: 10
[2019-02-18 19:50:55.340] [sharedprocess] [info] Scanned system extensions: 71
[2019-02-18 19:50:57.848] [sharedprocess] [info] Scanned user extensions: 10
[2019-02-18 19:51:27.246] [sharedprocess] [info] Scanned user extensions: 10
[2019-02-18 19:51:27.259] [sharedprocess] [info] Scanned system extensions: 71
[2019-02-18 19:51:27.274] [sharedprocess] [info] Scanned user extensions: 10
[2019-02-18 19:51:27.297] [sharedprocess] [info] Scanned system extensions: 71
[2019-02-18 19:51:29.781] [sharedprocess] [info] Scanned user extensions: 10
[2019-02-18 19:52:31.108] [sharedprocess] [info] Scanned user extensions: 10
[2019-02-18 19:52:31.119] [sharedprocess] [info] Scanned system extensions: 71
[2019-02-18 19:52:31.133] [sharedprocess] [info] Scanned user extensions: 10
[2019-02-18 19:52:31.146] [sharedprocess] [info] Scanned system extensions: 71
[2019-02-18 19:52:33.644] [sharedprocess] [info] Scanned user extensions: 10
[2019-02-18 19:52:42.780] [sharedprocess] [info] Scanned user extensions: 10
[2019-02-18 19:52:42.788] [sharedprocess] [info] Scanned system extensions: 71
[2019-02-18 19:52:42.802] [sharedprocess] [info] Scanned user extensions: 10
[2019-02-18 19:52:42.819] [sharedprocess] [info] Scanned system extensions: 71
[2019-02-18 19:52:45.349] [sharedprocess] [info] Scanned user extensions: 10
[2019-02-18 19:53:21.505] [sharedprocess] [info] Scanned user extensions: 10
[2019-02-18 19:53:21.513] [sharedprocess] [info] Scanned system extensions: 71
[2019-02-18 19:53:21.538] [sharedprocess] [info] Scanned user extensions: 10
[2019-02-18 19:53:21.553] [sharedprocess] [info] Scanned system extensions: 71
[2019-02-18 19:53:24.046] [sharedprocess] [info] Scanned user extensions: 10
[2019-02-18 19:53:38.705] [sharedprocess] [info] Scanned user extensions: 10
[2019-02-18 19:53:38.713] [sharedprocess] [info] Scanned system extensions: 71
[2019-02-18 19:53:38.732] [sharedprocess] [info] Scanned user extensions: 10
[2019-02-18 19:53:38.748] [sharedprocess] [info] Scanned system extensions: 71
[2019-02-18 19:53:41.260] [sharedprocess] [info] Scanned user extensions: 10
[2019-02-18 19:54:39.705] [sharedprocess] [info] Scanned user extensions: 10
[2019-02-18 19:54:39.718] [sharedprocess] [info] Scanned system extensions: 71
[2019-02-18 19:54:39.735] [sharedprocess] [info] Scanned user extensions: 10
[2019-02-18 19:54:39.747] [sharedprocess] [info] Scanned system extensions: 71
[2019-02-18 19:54:42.305] [sharedprocess] [info] Scanned user extensions: 10
[2019-02-18 19:59:38.519] [sharedprocess] [info] Scanned user extensions: 10
[2019-02-18 19:59:38.535] [sharedprocess] [info] Scanned system extensions: 71
[2019-02-18 19:59:38.546] [sharedprocess] [info] Scanned user extensions: 10
[2019-02-18 19:59:38.560] [sharedprocess] [info] Scanned system extensions: 71
[2019-02-18 19:59:43.874] [sharedprocess] [info] Scanned user extensions: 10
[2019-02-18 20:00:50.753] [sharedprocess] [info] Scanned user extensions: 10
[2019-02-18 20:00:50.762] [sharedprocess] [info] Scanned system extensions: 71
[2019-02-18 20:00:50.800] [sharedprocess] [info] Scanned user extensions: 10
[2019-02-18 20:00:50.811] [sharedprocess] [info] Scanned system extensions: 71
[2019-02-18 20:00:52.627] [sharedprocess] [info] Scanned user extensions: 10
[2019-02-18 20:00:52.636] [sharedprocess] [info] Scanned system extensions: 71
[2019-02-18 20:00:52.669] [sharedprocess] [info] Scanned user extensions: 10
[2019-02-18 20:00:52.678] [sharedprocess] [info] Scanned system extensions: 71
[2019-02-18 20:00:56.354] [sharedprocess] [info] Scanned user extensions: 10
[2019-02-18 20:05:56.384] [sharedprocess] [info] Scanned user extensions: 10
[2019-02-18 20:10:56.417] [sharedprocess] [info] Scanned user extensions: 10
[2019-02-18 20:15:56.448] [sharedprocess] [info] Scanned user extensions: 10
[2019-02-18 20:16:10.733] [sharedprocess] [info] Scanned user extensions: 10
[2019-02-18 20:16:10.738] [sharedprocess] [info] Scanned system extensions: 71
[2019-02-18 20:16:10.776] [sharedprocess] [info] Scanned user extensions: 10
[2019-02-18 20:16:10.789] [sharedprocess] [info] Scanned system extensions: 71
[2019-02-18 20:16:13.267] [sharedprocess] [info] Scanned user extensions: 10
[2019-02-18 20:17:59.538] [sharedprocess] [info] Scanned user extensions: 10
[2019-02-18 20:17:59.547] [sharedprocess] [info] Scanned system extensions: 71
[2019-02-18 20:17:59.584] [sharedprocess] [info] Scanned user extensions: 10
[2019-02-18 20:17:59.594] [sharedprocess] [info] Scanned system extensions: 71
[2019-02-18 20:18:02.107] [sharedprocess] [info] Scanned user extensions: 10
[2019-02-18 20:20:31.481] [sharedprocess] [info] Scanned user extensions: 9
[2019-02-18 20:20:31.498] [sharedprocess] [info] Scanned user extensions: 9
[2019-02-18 20:20:31.509] [sharedprocess] [info] Scanned user extensions: 9
[2019-02-18 20:20:31.514] [sharedprocess] [info] Scanned system extensions: 71
[2019-02-18 20:20:31.516] [sharedprocess] [info] Scanned system extensions: 71
[2019-02-18 20:20:31.521] [sharedprocess] [info] Scanned system extensions: 71
[2019-02-18 20:20:31.527] [sharedprocess] [info] Scanned user extensions: 9
[2019-02-18 20:20:41.854] [sharedprocess] [info] Installing extension: chad.nord-operator-theme
[2019-02-18 20:20:41.868] [sharedprocess] [info] Scanned user extensions: 9
[2019-02-18 20:20:42.042] [sharedprocess] [info] Downloaded extension: chad.nord-operator-theme /tmp/f5113d7a-a55f-459f-b1ab-3c0179b70f54
[2019-02-18 20:20:42.099] [sharedprocess] [info] Extracted extension to /home/rtmoran/.vscode/extensions/.chad.nord-operator-theme-1.1.0: chad.nord-operator-theme
[2019-02-18 20:20:42.100] [sharedprocess] [info] Renamed to /home/rtmoran/.vscode/extensions/chad.nord-operator-theme-1.1.0
[2019-02-18 20:20:42.100] [sharedprocess] [info] Installation completed. chad.nord-operator-theme
[2019-02-18 20:20:42.105] [sharedprocess] [info] Extensions installed successfully: chad.nord-operator-theme
[2019-02-18 20:23:02.134] [sharedprocess] [info] Scanned user extensions: 10
[2019-02-18 20:28:02.167] [sharedprocess] [info] Scanned user extensions: 10
[2019-02-18 20:30:22.317] [sharedprocess] [info] Scanned user extensions: 10
[2019-02-18 20:30:22.329] [sharedprocess] [info] Scanned system extensions: 71
[2019-02-18 20:30:22.376] [sharedprocess] [info] Scanned user extensions: 10
[2019-02-18 20:30:22.391] [sharedprocess] [info] Scanned system extensions: 71
[2019-02-18 20:30:24.880] [sharedprocess] [info] Scanned user extensions: 10
[2019-02-18 20:31:51.847] [sharedprocess] [info] Scanned user extensions: 10
[2019-02-18 20:31:51.855] [sharedprocess] [info] Scanned system extensions: 71
[2019-02-18 20:31:51.904] [sharedprocess] [info] Scanned user extensions: 10
[2019-02-18 20:31:51.919] [sharedprocess] [info] Scanned system extensions: 71
[2019-02-18 20:31:54.391] [sharedprocess] [info] Scanned user extensions: 10
[2019-02-18 20:32:12.470] [sharedprocess] [info] Scanned user extensions: 10
[2019-02-18 20:32:12.482] [sharedprocess] [info] Scanned system extensions: 71
[2019-02-18 20:32:12.518] [sharedprocess] [info] Scanned user extensions: 10
[2019-02-18 20:32:12.532] [sharedprocess] [info] Scanned system extensions: 71
[2019-02-18 20:32:15.018] [sharedprocess] [info] Scanned user extensions: 10
[2019-02-18 20:34:13.248] [sharedprocess] [info] Scanned user extensions: 10
[2019-02-18 20:34:13.258] [sharedprocess] [info] Scanned system extensions: 71
[2019-02-18 20:34:13.308] [sharedprocess] [info] Scanned user extensions: 10
[2019-02-18 20:34:13.321] [sharedprocess] [info] Scanned system extensions: 71
[2019-02-18 20:34:15.807] [sharedprocess] [info] Scanned user extensions: 10
[2019-02-18 20:36:56.718] [sharedprocess] [info] Scanned user extensions: 10
[2019-02-18 20:36:56.732] [sharedprocess] [info] Scanned system extensions: 71
[2019-02-18 20:36:56.784] [sharedprocess] [info] Scanned user extensions: 10
[2019-02-18 20:36:56.795] [sharedprocess] [info] Scanned system extensions: 71
[2019-02-18 20:36:59.253] [sharedprocess] [info] Scanned user extensions: 10
[2019-02-18 20:39:47.281] [sharedprocess] [info] Scanned user extensions: 10
[2019-02-18 20:39:47.291] [sharedprocess] [info] Scanned system extensions: 71
[2019-02-18 20:39:47.364] [sharedprocess] [info] Scanned user extensions: 10
[2019-02-18 20:39:47.377] [sharedprocess] [info] Scanned system extensions: 71
[2019-02-18 20:39:49.878] [sharedprocess] [info] Scanned user extensions: 10
[2019-02-18 20:40:02.100] [sharedprocess] [info] Scanned user extensions: 10
[2019-02-18 20:40:02.106] [sharedprocess] [info] Scanned system extensions: 71
[2019-02-18 20:40:02.166] [sharedprocess] [info] Scanned user extensions: 10
[2019-02-18 20:40:02.180] [sharedprocess] [info] Scanned system extensions: 71
[2019-02-18 20:40:04.660] [sharedprocess] [info] Scanned user extensions: 10
[2019-02-18 20:40:14.563] [sharedprocess] [info] Scanned user extensions: 10
[2019-02-18 20:40:14.572] [sharedprocess] [info] Scanned system extensions: 71
[2019-02-18 20:40:14.621] [sharedprocess] [info] Scanned user extensions: 10
[2019-02-18 20:40:14.629] [sharedprocess] [info] Scanned system extensions: 71
[2019-02-18 20:40:17.095] [sharedprocess] [info] Scanned user extensions: 10
[2019-02-18 20:40:38.787] [sharedprocess] [info] Scanned user extensions: 10
[2019-02-18 20:40:38.795] [sharedprocess] [info] Scanned system extensions: 71
[2019-02-18 20:40:38.843] [sharedprocess] [info] Scanned user extensions: 10
[2019-02-18 20:40:38.856] [sharedprocess] [info] Scanned system extensions: 71
[2019-02-18 20:40:41.325] [sharedprocess] [info] Scanned user extensions: 10
[2019-02-18 20:43:44.931] [sharedprocess] [info] Scanned user extensions: 10
[2019-02-18 20:43:44.942] [sharedprocess] [info] Scanned system extensions: 71
[2019-02-18 20:43:47.514] [sharedprocess] [info] Scanned user extensions: 10
[2019-02-18 20:46:27.857] [sharedprocess] [info] Scanned user extensions: 10
[2019-02-18 20:46:27.873] [sharedprocess] [info] Scanned system extensions: 71
[2019-02-18 20:46:30.485] [sharedprocess] [info] Scanned user extensions: 10
[2019-02-18 20:46:30.493] [sharedprocess] [info] Scanned system extensions: 71
[2019-02-18 20:46:33.061] [sharedprocess] [info] Scanned user extensions: 10
[2019-02-18 20:49:02.553] [sharedprocess] [info] Scanned user extensions: 10
[2019-02-18 20:49:02.560] [sharedprocess] [info] Scanned system extensions: 71
[2019-02-18 20:49:05.094] [sharedprocess] [info] Scanned user extensions: 10
[2019-02-18 20:49:47.982] [sharedprocess] [info] Scanned user extensions: 10
[2019-02-18 20:49:47.990] [sharedprocess] [info] Scanned system extensions: 71
[2019-02-18 20:49:50.524] [sharedprocess] [info] Scanned user extensions: 10
