[2019-02-13 17:23:51.713] [exthost] [info] extension host started
[2019-02-13 17:23:51.747] [exthost] [info] ExtensionService#_doActivateExtension vscode.debug-auto-launch {"startup":true,"activationEvent":"*"}
[2019-02-13 17:23:51.747] [exthost] [info] ExtensionService#loadCommonJSModule /opt/visual-studio-code/resources/app/extensions/debug-auto-launch/dist/extension
[2019-02-13 17:23:51.748] [exthost] [info] ExtensionService#_doActivateExtension vscode.emmet {"startup":true,"activationEvent":"*"}
[2019-02-13 17:23:51.748] [exthost] [info] ExtensionService#loadCommonJSModule /opt/visual-studio-code/resources/app/extensions/emmet/dist/extension
[2019-02-13 17:23:51.750] [exthost] [info] ExtensionService#_doActivateExtension vscode.git {"startup":true,"activationEvent":"*"}
[2019-02-13 17:23:51.750] [exthost] [info] ExtensionService#loadCommonJSModule /opt/visual-studio-code/resources/app/extensions/git/dist/main
[2019-02-13 17:23:51.767] [exthost] [info] ExtensionService#_doActivateExtension vscode.merge-conflict {"startup":true,"activationEvent":"*"}
[2019-02-13 17:23:51.767] [exthost] [info] ExtensionService#loadCommonJSModule /opt/visual-studio-code/resources/app/extensions/merge-conflict/dist/extension
[2019-02-13 17:23:51.769] [exthost] [info] ExtensionService#_doActivateExtension vscodevim.vim {"startup":true,"activationEvent":"*"}
[2019-02-13 17:23:51.769] [exthost] [info] ExtensionService#loadCommonJSModule /home/rtmoran/.vscode/extensions/vscodevim.vim-1.0.8/out/extension
[2019-02-13 17:23:51.890] [exthost] [info] ExtensionService#_doActivateExtension austin.code-gnu-global {"startup":false,"activationEvent":"onLanguage:cpp"}
[2019-02-13 17:23:51.890] [exthost] [info] ExtensionService#loadCommonJSModule /home/rtmoran/.vscode/extensions/austin.code-gnu-global-0.2.2/out/src/extension
[2019-02-13 17:23:51.896] [exthost] [info] ExtensionService#_doActivateExtension ms-vscode.cpptools {"startup":false,"activationEvent":"onLanguage:cpp"}
[2019-02-13 17:23:51.896] [exthost] [info] ExtensionService#loadCommonJSModule /home/rtmoran/.vscode/extensions/ms-vscode.cpptools-0.21.0/out/src/main
[2019-02-13 17:23:51.937] [exthost] [info] eager extensions activated
[2019-02-13 17:24:14.767] [exthost] [info] ExtensionService#_doActivateExtension vscode.configuration-editing {"startup":false,"activationEvent":"onLanguage:jsonc"}
[2019-02-13 17:24:14.767] [exthost] [info] ExtensionService#loadCommonJSModule /opt/visual-studio-code/resources/app/extensions/configuration-editing/dist/extension
[2019-02-13 17:24:14.769] [exthost] [info] ExtensionService#_doActivateExtension vscode.json-language-features {"startup":false,"activationEvent":"onLanguage:jsonc"}
[2019-02-13 17:24:14.769] [exthost] [info] ExtensionService#loadCommonJSModule /opt/visual-studio-code/resources/app/extensions/json-language-features/client/dist/jsonMain
[2019-02-13 17:24:14.776] [exthost] [info] ExtensionService#_doActivateExtension vscode.typescript-language-features {"startup":false,"activationEvent":"onLanguage:jsonc"}
[2019-02-13 17:24:14.776] [exthost] [info] ExtensionService#loadCommonJSModule /opt/visual-studio-code/resources/app/extensions/typescript-language-features/dist/extension
