[2019-02-23 22:12:14.564] [sharedprocess] [info] main {"machineId":"4fd368a50cab7edf1f493950ad5427e90b9ac12fca180ac55f52481aaf7b6541"}
[2019-02-23 22:12:14.707] [sharedprocess] [info] Scanned user extensions: 11
[2019-02-23 22:12:14.724] [sharedprocess] [info] Scanned user extensions: 11
[2019-02-23 22:12:14.738] [sharedprocess] [info] Scanned user extensions: 11
[2019-02-23 22:12:14.742] [sharedprocess] [info] Scanned system extensions: 71
[2019-02-23 22:12:14.743] [sharedprocess] [info] Deleted from disk jeff-hykin.better-cpp-syntax /home/rtmoran/.vscode/extensions/jeff-hykin.better-cpp-syntax-1.3.3
[2019-02-23 22:12:14.746] [sharedprocess] [info] Scanned system extensions: 71
[2019-02-23 22:12:14.749] [sharedprocess] [info] Scanned system extensions: 71
[2019-02-23 22:12:14.754] [sharedprocess] [info] Scanned user extensions: 11
[2019-02-23 22:12:54.569] [sharedprocess] [info] Starting to clean up unused language packs.
[2019-02-23 22:17:14.785] [sharedprocess] [info] Scanned user extensions: 11
[2019-02-23 22:22:15.002] [sharedprocess] [info] Scanned user extensions: 11
[2019-02-23 22:27:15.036] [sharedprocess] [info] Scanned user extensions: 11
[2019-02-23 22:32:15.069] [sharedprocess] [info] Scanned user extensions: 11
[2019-02-23 22:37:15.113] [sharedprocess] [info] Scanned user extensions: 11
[2019-02-23 22:42:15.142] [sharedprocess] [info] Scanned user extensions: 11
[2019-02-23 22:47:15.181] [sharedprocess] [info] Scanned user extensions: 11
[2019-02-23 22:52:15.211] [sharedprocess] [info] Scanned user extensions: 11
[2019-02-23 22:57:15.237] [sharedprocess] [info] Scanned user extensions: 11
[2019-02-23 23:02:15.272] [sharedprocess] [info] Scanned user extensions: 11
[2019-02-23 23:07:15.298] [sharedprocess] [info] Scanned user extensions: 11
[2019-02-23 23:12:15.326] [sharedprocess] [info] Scanned user extensions: 11
[2019-02-23 23:17:15.354] [sharedprocess] [info] Scanned user extensions: 11
[2019-02-23 23:22:15.531] [sharedprocess] [info] Scanned user extensions: 11
[2019-02-23 23:27:15.564] [sharedprocess] [info] Scanned user extensions: 11
[2019-02-23 23:32:15.593] [sharedprocess] [info] Scanned user extensions: 11
[2019-02-23 23:37:15.629] [sharedprocess] [info] Scanned user extensions: 11
[2019-02-24 13:47:40.088] [sharedprocess] [info] Scanned user extensions: 11
[2019-02-24 13:52:40.125] [sharedprocess] [info] Scanned user extensions: 11
[2019-02-24 13:57:40.155] [sharedprocess] [info] Scanned user extensions: 11
[2019-02-24 14:02:40.187] [sharedprocess] [info] Scanned user extensions: 11
[2019-02-24 14:03:14.700] [sharedprocess] [info] Scanned user extensions: 11
[2019-02-24 14:03:14.706] [sharedprocess] [info] Scanned system extensions: 71
[2019-02-24 14:07:40.225] [sharedprocess] [info] Scanned user extensions: 11
[2019-02-24 14:12:40.254] [sharedprocess] [info] Scanned user extensions: 11
[2019-02-24 14:17:40.292] [sharedprocess] [info] Scanned user extensions: 11
[2019-02-24 14:22:40.322] [sharedprocess] [info] Scanned user extensions: 11
[2019-02-24 14:27:40.353] [sharedprocess] [info] Scanned user extensions: 11
[2019-02-24 14:32:40.389] [sharedprocess] [info] Scanned user extensions: 11
[2019-02-24 14:37:40.425] [sharedprocess] [info] Scanned user extensions: 11
[2019-02-24 14:42:40.461] [sharedprocess] [info] Scanned user extensions: 11
[2019-02-24 17:22:21.502] [sharedprocess] [info] Scanned user extensions: 11
[2019-02-24 17:27:21.537] [sharedprocess] [info] Scanned user extensions: 11
[2019-02-24 17:32:21.571] [sharedprocess] [info] Scanned user extensions: 11
[2019-02-24 17:37:21.605] [sharedprocess] [info] Scanned user extensions: 11
[2019-02-24 17:42:21.639] [sharedprocess] [info] Scanned user extensions: 11
[2019-02-24 17:47:21.668] [sharedprocess] [info] Scanned user extensions: 11
[2019-02-24 17:52:21.709] [sharedprocess] [info] Scanned user extensions: 11
[2019-02-24 17:57:21.735] [sharedprocess] [info] Scanned user extensions: 11
[2019-02-24 18:02:21.766] [sharedprocess] [info] Scanned user extensions: 11
[2019-02-24 18:07:21.798] [sharedprocess] [info] Scanned user extensions: 11
[2019-02-24 18:12:21.831] [sharedprocess] [info] Scanned user extensions: 11
[2019-02-24 18:17:21.861] [sharedprocess] [info] Scanned user extensions: 11
[2019-02-24 18:22:22.066] [sharedprocess] [info] Scanned user extensions: 11
[2019-02-24 18:27:22.097] [sharedprocess] [info] Scanned user extensions: 11
[2019-02-24 18:32:22.130] [sharedprocess] [info] Scanned user extensions: 11
[2019-02-24 18:37:22.157] [sharedprocess] [info] Scanned user extensions: 11
[2019-02-24 18:42:22.184] [sharedprocess] [info] Scanned user extensions: 11
[2019-02-24 18:47:22.215] [sharedprocess] [info] Scanned user extensions: 11
[2019-02-24 18:52:22.237] [sharedprocess] [info] Scanned user extensions: 11
[2019-02-24 18:57:22.268] [sharedprocess] [info] Scanned user extensions: 11
[2019-02-24 19:02:22.299] [sharedprocess] [info] Scanned user extensions: 11
[2019-02-24 19:07:22.331] [sharedprocess] [info] Scanned user extensions: 11
[2019-02-24 19:12:22.362] [sharedprocess] [info] Scanned user extensions: 11
[2019-02-24 19:17:22.389] [sharedprocess] [info] Scanned user extensions: 11
[2019-02-24 19:22:22.601] [sharedprocess] [info] Scanned user extensions: 11
[2019-02-24 19:27:22.635] [sharedprocess] [info] Scanned user extensions: 11
[2019-02-24 19:32:22.675] [sharedprocess] [info] Scanned user extensions: 11
[2019-02-24 19:37:22.708] [sharedprocess] [info] Scanned user extensions: 11
[2019-02-24 19:42:22.742] [sharedprocess] [info] Scanned user extensions: 11
[2019-02-24 19:47:22.776] [sharedprocess] [info] Scanned user extensions: 11
[2019-02-24 19:52:22.819] [sharedprocess] [info] Scanned user extensions: 11
[2019-02-24 19:57:22.844] [sharedprocess] [info] Scanned user extensions: 11
[2019-02-24 20:02:22.871] [sharedprocess] [info] Scanned user extensions: 11
[2019-02-24 20:07:22.901] [sharedprocess] [info] Scanned user extensions: 11
[2019-02-24 20:12:22.932] [sharedprocess] [info] Scanned user extensions: 11
[2019-02-24 20:17:22.965] [sharedprocess] [info] Scanned user extensions: 11
[2019-02-24 20:22:23.160] [sharedprocess] [info] Scanned user extensions: 11
[2019-02-24 20:27:23.192] [sharedprocess] [info] Scanned user extensions: 11
[2019-02-24 20:32:23.225] [sharedprocess] [info] Scanned user extensions: 11
[2019-02-24 21:12:51.086] [sharedprocess] [info] Scanned user extensions: 11
[2019-02-24 21:17:51.117] [sharedprocess] [info] Scanned user extensions: 11
[2019-02-24 21:22:51.313] [sharedprocess] [info] Scanned user extensions: 11
[2019-02-24 21:27:51.343] [sharedprocess] [info] Scanned user extensions: 11
[2019-02-24 21:32:51.377] [sharedprocess] [info] Scanned user extensions: 11
[2019-02-24 21:37:51.406] [sharedprocess] [info] Scanned user extensions: 11
[2019-02-24 21:42:51.442] [sharedprocess] [info] Scanned user extensions: 11
[2019-02-25 12:06:35.038] [sharedprocess] [info] Scanned user extensions: 11
